[(0,12,0,27),
 (0,420,0,434),
 (0,437,0,438),
 (0,441,0,449),
 (0,453,0,455),
 (0,458,0,486),
 (0,489,0,508),
 (0,513,0,515),
 (0,518,0,643),
 (0,694,0,698),
 (0,704,0,714),
 (0,739,0,744),
 (0,753,0,758),
 (1,7,1,15),
 (1,20,1,32),
 (1,419,1,515),
 (1,519,1,522),
 (1,543,1,544),
 (1,552,1,554),
 (1,557,1,559),
 (1,642,1,644),
 (1,694,1,698),
 (1,701,1,709),
 (1,740,1,744),
 (1,751,1,755),
 (2,2,2,6),
 (2,29,2,36),
 (2,411,2,411),
 (2,417,2,420),
 (2,513,2,514),
 (2,519,2,519),
 (2,642,2,644),
 (2,694,2,705),
 (2,740,2,743),
 (2,748,2,752),
 (2,787,2,791),
 (3,0,3,2),
 (3,34,3,38),
 (3,409,3,412),
 (3,487,3,488),
 (3,517,3,519),
 (3,547,3,548),
 (3,578,3,579),
 (3,610,3,610),
 (3,642,3,644),
 (3,666,3,668),
 (3,694,3,702),
 (3,740,3,744),
 (3,746,3,750),
 (3,786,3,793),
 (4,0,4,0),
 (4,39,4,43),
 (4,407,4,412),
 (4,419,4,421),
 (4,452,4,456),
 (4,484,4,489),
 (4,516,4,521),
 (4,544,4,544),
 (4,546,4,625),
 (4,636,4,636),
 (4,640,4,646),
 (4,651,4,651),
 (4,654,4,654),
 (4,657,4,658),
 (4,664,4,670),
 (4,694,4,699),
 (4,739,4,748),
 (4,785,4,793),
 (5,41,5,44),
 (5,406,5,673),
 (5,695,5,698),
 (5,739,5,746),
 (5,785,5,793),
 (6,44,6,46),
 (6,192,6,201),
 (6,406,6,410),
 (6,416,6,419),
 (6,452,6,455),
 (6,516,6,518),
 (6,547,6,549),
 (6,577,6,579),
 (6,609,6,611),
 (6,642,6,643),
 (6,667,6,672),
 (6,694,6,733),
 (6,738,6,744),
 (6,785,6,786),
 (6,790,6,793),
 (7,45,7,47),
 (7,185,7,205),
 (7,274,7,275),
 (7,282,7,284),
 (7,407,7,411),
 (7,454,7,454),
 (7,608,7,610),
 (7,666,7,669),
 (7,696,7,743),
 (8,46,8,48),
 (8,182,8,182),
 (8,184,8,185),
 (8,206,8,209),
 (8,283,8,284),
 (8,408,8,409),
 (8,578,8,580),
 (8,608,8,612),
 (8,644,8,645),
 (8,666,8,668),
 (9,47,9,48),
 (9,180,9,182),
 (9,208,9,210),
 (9,212,9,212),
 (9,246,9,252),
 (9,268,9,273),
 (9,282,9,283),
 (9,420,9,421),
 (9,487,9,489),
 (9,516,9,521),
 (9,577,9,580),
 (9,608,9,614),
 (9,637,9,641),
 (9,643,9,646),
 (9,777,9,780),
 (10,48,10,49),
 (10,179,10,181),
 (10,209,10,213),
 (10,242,10,243),
 (10,252,10,253),
 (10,266,10,275),
 (10,281,10,282),
 (10,418,10,421),
 (10,453,10,455),
 (10,486,10,488),
 (10,515,10,521),
 (10,547,10,549),
 (10,577,10,581),
 (10,609,10,611),
 (10,638,10,645),
 (10,773,10,780),
 (11,49,11,50),
 (11,177,11,179),
 (11,211,11,215),
 (11,257,11,258),
 (11,261,11,266),
 (11,273,11,274),
 (11,279,11,280),
 (11,297,11,297),
 (11,300,11,300),
 (11,303,11,307),
 (11,338,11,339),
 (11,348,11,350),
 (11,418,11,421),
 (11,453,11,455),
 (11,485,11,488),
 (11,515,11,520),
 (11,547,11,548),
 (11,577,11,580),
 (11,642,11,644),
 (11,769,11,780),
 (12,50,12,51),
 (12,176,12,178),
 (12,214,12,216),
 (12,238,12,238),
 (12,259,12,262),
 (12,270,12,272),
 (12,275,12,277),
 (12,294,12,295),
 (12,306,12,310),
 (12,336,12,336),
 (12,350,12,353),
 (12,413,12,414),
 (12,419,12,422),
 (12,446,12,447),
 (12,452,12,456),
 (12,487,12,487),
 (12,643,12,644),
 (12,765,12,772),
 (12,776,12,780),
 (13,51,13,52),
 (13,125,13,128),
 (13,131,13,135),
 (13,176,13,176),
 (13,216,13,217),
 (13,236,13,237),
 (13,261,13,262),
 (13,268,13,275),
 (13,292,13,293),
 (13,310,13,312),
 (13,333,13,335),
 (13,353,13,355),
 (13,420,13,421),
 (13,454,13,454),
 (13,761,13,769),
 (13,777,13,780),
 (14,52,14,52),
 (14,98,14,99),
 (14,101,14,106),
 (14,123,14,125),
 (14,133,14,137),
 (14,159,14,159),
 (14,176,14,176),
 (14,216,14,218),
 (14,235,14,236),
 (14,262,14,264),
 (14,267,14,272),
 (14,290,14,292),
 (14,312,14,314),
 (14,331,14,333),
 (14,355,14,356),
 (14,756,14,767),
 (14,776,14,780),
 (15,52,15,52),
 (15,69,15,72),
 (15,74,15,77),
 (15,94,15,96),
 (15,106,15,107),
 (15,136,15,138),
 (15,159,15,164),
 (15,216,15,219),
 (15,234,15,236),
 (15,262,15,266),
 (15,268,15,270),
 (15,289,15,290),
 (15,313,15,315),
 (15,331,15,332),
 (15,356,15,357),
 (15,754,15,761),
 (15,765,15,770),
 (15,776,15,780),
 (16,51,16,53),
 (16,68,16,69),
 (16,77,16,79),
 (16,92,16,94),
 (16,107,16,108),
 (16,121,16,121),
 (16,137,16,139),
 (16,151,16,152),
 (16,163,16,165),
 (16,175,16,175),
 (16,217,16,219),
 (16,233,16,235),
 (16,259,16,259),
 (16,262,16,262),
 (16,266,16,267),
 (16,289,16,289),
 (16,314,16,316),
 (16,331,16,332),
 (16,357,16,358),
 (16,641,16,643),
 (16,649,16,651),
 (16,654,16,656),
 (16,749,16,755),
 (16,768,16,780),
 (17,51,17,53),
 (17,68,17,68),
 (17,79,17,80),
 (17,91,17,93),
 (17,108,17,109),
 (17,120,17,122),
 (17,138,17,140),
 (17,150,17,151),
 (17,164,17,166),
 (17,174,17,175),
 (17,216,17,218),
 (17,233,17,235),
 (17,256,17,259),
 (17,262,17,266),
 (17,288,17,290),
 (17,315,17,317),
 (17,330,17,332),
 (17,357,17,358),
 (17,641,17,657),
 (17,663,17,663),
 (17,746,17,753),
 (17,776,17,780),
 (18,51,18,53),
 (18,68,18,68),
 (18,78,18,81),
 (18,91,18,92),
 (18,108,18,111),
 (18,120,18,121),
 (18,138,18,140),
 (18,150,18,150),
 (18,165,18,166),
 (18,174,18,175),
 (18,216,18,218),
 (18,233,18,235),
 (18,255,18,257),
 (18,260,18,261),
 (18,263,18,266),
 (18,288,18,290),
 (18,315,18,317),
 (18,330,18,332),
 (18,357,18,359),
 (18,633,18,635),
 (18,638,18,645),
 (18,649,18,659),
 (18,661,18,663),
 (18,742,18,749),
 (18,776,18,780),
 (19,51,19,52),
 (19,68,19,68),
 (19,78,19,80),
 (19,91,19,91),
 (19,108,19,111),
 (19,121,19,121),
 (19,138,19,140),
 (19,164,19,166),
 (19,175,19,176),
 (19,217,19,218),
 (19,233,19,235),
 (19,252,19,253),
 (19,255,19,256),
 (19,258,19,259),
 (19,265,19,265),
 (19,288,19,290),
 (19,315,19,317),
 (19,330,19,332),
 (19,356,19,358),
 (19,633,19,640),
 (19,655,19,662),
 (19,712,19,713),
 (19,716,19,717),
 (19,738,19,746),
 (19,776,19,780),
 (20,51,20,52),
 (20,68,20,70),
 (20,77,20,79),
 (20,92,20,92),
 (20,108,20,110),
 (20,121,20,123),
 (20,137,20,139),
 (20,151,20,152),
 (20,163,20,165),
 (20,175,20,176),
 (20,217,20,218),
 (20,233,20,235),
 (20,249,20,255),
 (20,264,20,265),
 (20,288,20,290),
 (20,315,20,317),
 (20,330,20,332),
 (20,356,20,358),
 (20,628,20,630),
 (20,634,20,637),
 (20,658,20,662),
 (20,712,20,712),
 (20,716,20,717),
 (20,734,20,743),
 (20,776,20,780),
 (21,50,21,51),
 (21,69,21,71),
 (21,75,21,77),
 (21,93,21,94),
 (21,107,21,108),
 (21,122,21,125),
 (21,136,21,138),
 (21,152,21,154),
 (21,162,21,164),
 (21,175,21,177),
 (21,215,21,217),
 (21,234,21,235),
 (21,246,21,249),
 (21,252,21,253),
 (21,262,21,264),
 (21,289,21,290),
 (21,315,21,316),
 (21,331,21,332),
 (21,355,21,357),
 (21,629,21,637),
 (21,651,21,655),
 (21,659,21,666),
 (21,730,21,738),
 (21,776,21,781),
 (22,49,22,50),
 (22,95,22,97),
 (22,106,22,107),
 (22,123,22,129),
 (22,133,22,136),
 (22,153,22,159),
 (22,176,22,176),
 (22,215,22,216),
 (22,230,22,237),
 (22,242,22,243),
 (22,246,22,246),
 (22,248,22,249),
 (22,261,22,263),
 (22,289,22,291),
 (22,313,22,315),
 (22,333,22,334),
 (22,354,22,356),
 (22,629,22,632),
 (22,636,22,639),
 (22,650,22,655),
 (22,661,22,665),
 (22,727,22,733),
 (22,776,22,781),
 (23,48,23,49),
 (23,102,23,103),
 (23,129,23,133),
 (23,213,23,215),
 (23,227,23,233),
 (23,237,23,239),
 (23,243,23,247),
 (23,260,23,261),
 (23,290,23,292),
 (23,312,23,314),
 (23,335,23,337),
 (23,353,23,354),
 (23,624,23,624),
 (23,629,23,631),
 (23,637,23,639),
 (23,660,23,664),
 (23,723,23,730),
 (23,776,23,781),
 (23,788,23,795),
 (24,48,24,48),
 (24,180,24,182),
 (24,210,24,212),
 (24,225,24,231),
 (24,236,24,238),
 (24,241,24,243),
 (24,258,24,259),
 (24,292,24,292),
 (24,295,24,298),
 (24,310,24,311),
 (24,338,24,340),
 (24,346,24,352),
 (24,624,24,630),
 (24,661,24,664),
 (24,667,24,667),
 (24,718,24,727),
 (24,776,24,781),
 (24,788,24,796),
 (25,47,25,47),
 (25,180,25,186),
 (25,207,25,210),
 (25,223,25,232),
 (25,235,25,238),
 (25,243,25,247),
 (25,251,25,255),
 (25,297,25,298),
 (25,301,25,301),
 (25,304,25,310),
 (25,343,25,346),
 (25,623,25,628),
 (25,635,25,635),
 (25,661,25,666),
 (25,715,25,722),
 (25,776,25,781),
 (25,788,25,792),
 (26,45,26,46),
 (26,185,26,192),
 (26,203,26,205),
 (26,221,26,222),
 (26,227,26,230),
 (26,232,26,233),
 (26,618,26,618),
 (26,623,26,626),
 (26,629,26,630),
 (26,633,26,634),
 (26,644,26,644),
 (26,660,26,663),
 (26,710,26,718),
 (26,776,26,781),
 (27,43,27,44),
 (27,190,27,203),
 (27,220,27,221),
 (27,230,27,233),
 (27,617,27,630),
 (27,642,27,644),
 (27,659,27,663),
 (27,705,27,713),
 (27,776,27,781),
 (28,40,28,43),
 (28,137,28,139),
 (28,219,28,220),
 (28,226,28,227),
 (28,229,28,230),
 (28,618,28,623),
 (28,625,28,626),
 (28,642,28,643),
 (28,658,28,660),
 (28,702,28,711),
 (28,776,28,781),
 (29,0,29,0),
 (29,39,29,40),
 (29,219,29,220),
 (29,225,29,225),
 (29,611,29,613),
 (29,618,29,622),
 (29,657,29,662),
 (29,699,29,708),
 (29,776,29,780),
 (30,0,30,2),
 (30,36,30,37),
 (30,39,30,40),
 (30,611,30,619),
 (30,640,30,640),
 (30,655,30,658),
 (30,661,30,666),
 (30,695,30,704),
 (30,777,30,780),
 (31,0,31,20),
 (31,23,31,36),
 (31,39,31,154),
 (31,248,31,256),
 (31,612,31,616),
 (31,653,31,657),
 (31,691,31,700),
 (31,776,31,780),
 (32,5,32,31),
 (32,80,32,82),
 (32,152,32,154),
 (32,236,32,267),
 (32,608,32,609),
 (32,611,32,615),
 (32,651,32,658),
 (32,687,32,695),
 (32,776,32,780),
 (33,13,33,25),
 (33,80,33,81),
 (33,152,33,154),
 (33,231,33,272),
 (33,533,33,538),
 (33,542,33,542),
 (33,607,33,612),
 (33,649,33,652),
 (33,657,33,660),
 (33,682,33,692),
 (33,768,33,770),
 (33,773,33,780),
 (34,80,34,82),
 (34,152,34,155),
 (34,228,34,276),
 (34,531,34,538),
 (34,541,34,544),
 (34,607,34,610),
 (34,644,34,652),
 (34,660,34,660),
 (34,679,34,688),
 (34,764,34,766),
 (34,776,34,780),
 (35,80,35,82),
 (35,152,35,155),
 (35,224,35,282),
 (35,531,35,544),
(35,601,35,609),
(35,612,35,615),
(35,636,35,647),
(35,651,35,653),
(35,674,35,684),
(35,763,35,766),
(35,777,35,781),
(36,65,36,66),
(36,80,36,81),
(36,152,36,155),
(36,221,36,284),
(36,531,36,544),
(36,606,36,609),
(36,613,36,614),
(36,629,36,641),
(36,644,36,647),
(36,671,36,679),
(36,763,36,766),
(36,776,36,780),
(37,64,37,66),
(37,81,37,81),
(37,98,37,99),
(37,152,37,155),
(37,219,37,287),
(37,530,37,544),
(37,606,37,609),
(37,626,37,639),
(37,645,37,648),
(37,668,37,678),
(37,764,37,766),
(37,776,37,780),
(38,64,38,67),
(38,80,38,82),
(38,98,38,99),
(38,152,38,155),
(38,218,38,287),
(38,530,38,545),
(38,606,38,609),
(38,623,38,632),
(38,636,38,639),
(38,647,38,652),
(38,667,38,675),
(38,763,38,766),
(38,777,38,780),
(39,6,39,9),
(39,46,39,48),
(39,64,39,69),
(39,80,39,82),
(39,98,39,99),
(39,152,39,155),
(39,216,39,239),
(39,265,39,286),
(39,530,39,545),
(39,601,39,615),
(39,619,39,625),
(39,630,39,631),
(39,637,39,640),
(39,647,39,653),
(39,666,39,779),
(40,7,40,9),
(40,33,40,34),
(40,46,40,47),
(40,65,40,70),
(40,81,40,82),
(40,98,40,99),
(40,152,40,155),
(40,214,40,236),
(40,270,40,285),
(40,530,40,545),
(40,607,40,625),
(40,631,40,631),
(40,638,40,640),
(40,646,40,653),
(40,668,40,776),
(41,7,41,9),
(41,32,41,36),
(41,46,41,47),
(41,64,41,67),
(41,69,41,72),
(41,80,41,82),
(41,99,41,99),
(41,152,41,155),
(41,212,41,233),
(41,274,41,283),
(41,530,41,545),
(41,607,41,609),
(41,612,41,617),
(41,623,41,625),
(41,646,41,653),
(41,728,41,731),
(41,781,41,784),
(42,6,42,9),
(42,32,42,37),
(42,46,42,48),
(42,64,42,67),
(42,69,42,73),
(42,80,42,82),
(42,98,42,100),
(42,152,42,155),
(42,210,42,230),
(42,278,42,280),
(42,530,42,545),
(42,608,42,608),
(42,615,42,616),
(42,646,42,648),
(42,651,42,655),
(42,728,42,732),
(42,780,42,782),
(43,6,43,9),
(43,32,43,40),
(43,46,43,48),
(43,64,43,67),
(43,70,43,73),
(43,80,43,82),
(43,98,43,100),
(43,152,43,155),
(43,209,43,225),
(43,530,43,544),
(43,646,43,648),
(43,651,43,655),
(43,728,43,733),
(43,780,43,782),
(44,6,44,9),
(44,33,44,35),
(44,37,44,41),
(44,46,44,48),
(44,65,44,67),
(44,71,44,72),
(44,81,44,82),
(44,99,44,99),
(44,152,44,155),
(44,207,44,224),
(44,530,44,544),
(44,647,44,653),
(44,727,44,732),
(44,779,44,787),
(45,0,45,155),
(45,206,45,222),
(45,530,45,543),
(45,782,45,784),
(46,0,46,9),
(46,11,46,17),
(46,22,46,23),
(46,28,46,29),
(46,31,46,35),
(46,37,46,43),
(46,46,46,60),
(46,62,46,76),
(46,81,46,81),
(46,84,46,154),
(46,206,46,222),
(46,530,46,543),
(47,6,47,9),
(47,33,47,35),
(47,39,47,40),
(47,47,47,48),
(47,62,47,67),
(47,89,47,99),
(47,205,47,221),
(47,530,47,543),
(48,2,48,9),
(48,33,48,34),
(48,47,48,48),
(48,59,48,68),
(48,87,48,99),
(48,102,48,102),
(48,203,48,220),
(48,530,48,544),
(49,4,49,9),
(49,32,49,35),
(49,44,49,48),
(49,58,49,64),
(49,87,49,99),
(49,203,49,219),
(49,530,49,545),
(50,0,50,9),
(50,34,50,34),
(50,42,50,48),
(50,88,50,93),
(50,202,50,218),
(50,336,50,351),
(50,409,50,424),
(50,482,50,499),
(50,510,50,516),
(50,530,50,545),
(50,575,50,593),
(51,0,51,7),
(51,30,51,35),
(51,40,51,48),
(51,202,51,217),
(51,328,51,356),
(51,403,51,429),
(51,478,51,504),
(51,506,51,520),
(51,530,51,545),
(51,570,51,597),
(52,28,52,35),
(52,39,52,47),
(52,201,52,216),
(52,324,52,360),
(52,399,52,432),
(52,473,52,521),
(52,530,52,545),
(52,567,52,599),
(52,675,52,675),
(53,27,53,35),
(53,40,53,45),
(53,202,53,217),
(53,322,53,363),
(53,395,53,436),
(53,471,53,520),
(53,530,53,545),
(53,564,53,602),
(53,674,53,676),
(54,26,54,35),
(54,64,54,65),
(54,147,54,148),
(54,150,54,154),
(54,201,54,216),
(54,320,54,366),
(54,393,54,439),
(54,466,54,520),
(54,530,54,545),
(54,561,54,605),
(54,672,54,677),
(55,65,55,65),
(55,147,55,148),
(55,151,55,155),
(55,200,55,216),
(55,254,55,301),
(55,317,55,367),
(55,392,55,440),
(55,465,55,521),
(55,530,55,545),
(55,560,55,606),
(55,671,55,678),
(56,65,56,66),
(56,146,56,148),
(56,151,56,155),
(56,200,56,216),
(56,254,56,302),
(56,316,56,340),
(56,345,56,369),
(56,391,56,442),
(56,464,56,521),
(56,530,56,545),
(56,559,56,607),
(56,670,56,678),
(57,65,57,66),
(57,147,57,148),
(57,151,57,155),
(57,200,57,216),
(57,254,57,303),
(57,313,57,330),
(57,350,57,370),
(57,389,57,406),
(57,424,57,444),
(57,463,57,480),
(57,496,57,521),
(57,530,57,545),
(57,558,57,560),
(57,562,57,576),
(57,593,57,608),
(57,669,57,672),
(57,676,57,679),
(57,778,57,787),
(58,17,58,20),
(58,64,58,67),
(58,146,58,155),
(58,200,58,216),
(58,253,58,303),
(58,312,58,328),
(58,354,58,371),
(58,387,58,403),
(58,429,58,445),
(58,462,58,478),
(58,499,58,521),
(58,530,58,545),
(58,557,58,573),
(58,596,58,610),
(58,669,58,670),
(58,676,58,680),
(58,769,58,781),
(58,785,58,787),
(59,17,59,19),
(59,64,59,66),
(59,147,59,155),
(59,200,59,216),
(59,253,59,302),
(59,311,59,326),
(59,355,59,371),
(59,386,59,401),
(59,430,59,446),
(59,461,59,477),
(59,501,59,521),
(59,531,59,545),
(59,556,59,566),
(59,568,59,571),
(59,597,59,611),
(59,668,59,669),(59,674,59,681),(59,757,59,757),(59,761,59,771),(59,778,59,780),(59,786,59,788),(60,17,60,19),(60,58,60,60),(60,65,60,66),(60,147,60,148),(60,151,60,155),(60,201,60,216),(60,254,60,302),(60,310,60,325),(60,357,60,372),(60,385,60,399),(60,431,60,446),(60,459,60,476),(60,504,60,521),(60,531,60,545),(60,556,60,569),(60,594,60,612),(60,667,60,669),(60,674,60,682),(60,749,60,760),(60,766,60,768),(60,778,60,782),(60,785,60,790),(61,17,61,20),(61,32,61,33),(61,57,61,62),(61,65,61,66),(61,146,61,148),(61,151,61,155),(61,201,61,216),(61,254,61,302),(61,310,61,324),(61,358,61,373),(61,385,61,398),(61,432,61,447),(61,459,61,474),(61,505,61,521),(61,531,61,545),(61,555,61,568),(61,589,61,612),(61,666,61,668),(61,679,61,682),(61,742,61,752),(61,756,61,760),(61,766,61,770),(61,776,61,785),(61,787,61,790),(62,0,62,36),(62,39,62,112),(62,116,62,141),(62,145,62,155),(62,201,62,216),(62,287,62,302),(62,310,62,323),(62,359,62,374),(62,384,62,397),(62,432,62,448),(62,458,62,473),(62,505,62,521),(62,531,62,545),(62,554,62,567),(62,582,62,611),(62,665,62,667),(62,680,62,683),(62,734,62,745),(62,748,62,748),(62,758,62,761),(62,766,62,775),(62,781,62,784),(62,788,62,792),(63,16,63,18),(63,21,63,24),(63,32,63,35),(63,57,63,66),(63,146,63,155),(63,201,63,217),(63,287,63,301),(63,309,63,322),(63,359,63,374),(63,384,63,396),(63,433,63,447),(63,457,63,473),(63,506,63,521),(63,531,63,545),(63,554,63,566),(63,579,63,606),(63,664,63,666),(63,674,63,676),(63,680,63,684),(63,729,63,736),(63,741,63,744),(63,758,63,765),(63,768,63,772),(63,782,63,784),(63,788,63,793),(63,798,63,799),(64,17,64,18),(64,22,64,25),(64,32,64,34),(64,58,64,66),(64,146,64,148),(64,151,64,155),(64,202,64,218),(64,287,64,301),(64,308,64,322),(64,360,64,374),(64,384,64,395),(64,433,64,448),(64,458,64,473),(64,506,64,521),(64,531,64,545),(64,554,64,565),(64,574,64,600),(64,664,64,666),(64,673,64,676),(64,681,64,685),(64,722,64,730),(64,733,64,734),(64,742,64,745),(64,749,64,763),(64,770,64,774),(64,782,64,793),(64,796,64,799),(65,16,65,18),(65,22,65,26),(65,32,65,34),(65,58,65,60),(65,63,65,66),(65,147,65,148),(65,150,65,155),(65,202,65,219),(65,287,65,301),(65,308,65,322),(65,361,65,375),(65,384,65,395),(65,435,65,448),(65,457,65,472),(65,506,65,521),(65,531,65,545),(65,555,65,565),(65,568,65,587),(65,591,65,596),(65,664,65,665),(65,674,65,675),(65,682,65,686),(65,716,65,724),(65,726,65,726),(65,733,65,735),(65,742,65,755),(65,761,65,764),(65,771,65,775),(65,777,65,787),(65,795,65,799),(66,16,66,19),(66,22,66,27),(66,31,66,35),(66,57,66,61),(66,63,66,67),(66,146,66,155),(66,202,66,219),(66,287,66,301),(66,308,66,322),(66,362,66,374),(66,384,66,395),(66,436,66,448),(66,456,66,472),(66,506,66,521),(66,531,66,545),(66,554,66,592),(66,663,66,664),(66,683,66,686),(66,713,66,721),(66,734,66,737),(66,739,66,748),(66,751,66,754),(66,761,66,764),(66,771,66,786),(66,794,66,798),(67,16,67,19),(67,22,67,27),(67,31,67,34),(67,57,67,61),(67,63,67,67),(67,84,67,85),(67,146,67,155),(67,203,67,220),(67,286,67,300),(67,308,67,322),(67,361,67,374),(67,383,67,395),(67,436,67,448),(67,457,67,472),(67,507,67,521),(67,530,67,545),(67,553,67,589),(67,662,67,664),(67,683,67,687),(67,706,67,713),(67,721,67,722),(67,732,67,741),(67,744,67,747),(67,753,67,756),(67,762,67,779),(67,794,67,798),(68,17,68,18),(68,23,68,26),(68,32,68,34),(68,57,68,61),(68,64,68,66),(68,85,68,85),(68,147,68,148),(68,151,68,154),(68,204,68,222),(68,285,68,299),(68,308,68,322),(68,361,68,374),(68,382,68,396),(68,436,68,448),(68,457,68,471),(68,507,68,521),(68,530,68,544),(68,554,68,583),(68,661,68,663),(68,674,68,676),(68,684,68,687),(68,705,68,711),(68,720,68,727),(68,729,68,731),(68,737,68,741),(68,746,68,748),(68,753,68,768),(68,776,68,779),(68,794,68,798),(69,16,69,18),(69,23,69,26),(69,31,69,34),(69,57,69,61),(69,63,69,67),(69,85,69,86),(69,146,69,154),(69,205,69,223),(69,283,69,298),(69,309,69,323),(69,360,69,374),(69,384,69,396),(69,436,69,447),(69,457,69,472),(69,507,69,521),(69,530,69,544),(69,554,69,578),(69,660,69,662),(69,674,69,676),(69,685,69,689),(69,709,69,712),(69,715,69,726),(69,738,69,742),(69,746,69,761),(69,764,69,768),(69,777,69,782),(69,794,69,798),(70,0,70,3),(70,5,70,36),(70,38,70,153),(70,206,70,226),(70,282,70,298),(70,309,70,323),(70,359,70,373),(70,384,70,397),(70,434,70,447),(70,457,70,471),(70,506,70,521),(70,530,70,545),(70,554,70,573),(70,659,70,661),(70,673,70,675),(70,686,70,690),(70,709,70,714),(70,724,70,726),(70,738,70,751),(70,757,70,760),(70,766,70,769),(70,779,70,786),(70,794,70,798),(71,16,71,18),(71,31,71,34),(71,57,71,61),(71,63,71,64),(71,207,71,228),(71,279,71,296),(71,310,71,324),(71,359,71,373),(71,385,71,397),(71,433,71,446),(71,458,71,472),(71,506,71,521),(71,530,71,545),(71,554,71,568),(71,658,71,661),(71,686,71,691),(71,711,71,714),(71,725,71,728),(71,735,71,745),(71,748,71,751),(71,759,71,761),(71,767,71,770),(71,779,71,784),(71,794,71,798),(72,13,72,17),(72,28,72,34),(72,54,72,61),(72,208,72,232),(72,276,72,295),(72,311,72,325),(72,358,72,373),(72,385,72,398),(72,432,72,446),(72,459,72,473),(72,505,72,521),(72,530,72,537),(72,539,72,546),(72,555,72,569),(72,658,72,660),(72,687,72,692),(72,711,72,715),(72,725,72,734),(72,742,72,744),(72,750,72,752),(72,760,72,762),(72,768,72,771),(72,777,72,783),(72,794,72,798),(73,7,73,17),(73,31,73,34),(73,56,73,60),(73,84,73,85),(73,210,73,234),(73,273,73,294),(73,311,73,326),(73,356,73,372),(73,386,73,400),(73,430,73,445),(73,459,73,476),(73,503,73,521),(73,530,73,546),(73,556,73,572),(73,600,73,606),(73,657,73,659),(73,688,73,692),(73,712,73,717),(73,720,73,729),(73,743,73,745),(73,751,73,753),(73,761,73,763),(73,769,73,777),(73,781,73,784),(73,794,73,798),(74,7,74,18),(74,31,74,34),(74,57,74,60),(74,76,74,81),(74,83,74,86),(74,211,74,236),(74,271,74,292),(74,312,74,327),(74,354,74,371),(74,386,74,402),(74,429,74,444),(74,459,74,477),(74,501,74,521),(74,530,74,546),(74,556,74,573),(74,597,74,607),(74,655,74,659),(74,674,74,676),(74,688,74,693),(74,713,74,721),(74,728,74,730),(74,743,74,745),(74,752,74,754),(74,761,74,766),(74,768,74,776),(74,781,74,784),(74,794,74,798),(75,7,75,18),(75,27,75,35),(75,53,75,60),(75,84,75,85),(75,214,75,241),(75,267,75,291),(75,313,75,328),(75,352,75,371),(75,387,75,403),(75,426,75,443),(75,460,75,478),(75,499,75,521),(75,530,75,546),(75,556,75,574),(75,594,75,609),(75,654,75,658),(75,673,75,676),(75,690,75,694),(75,714,75,719),(75,729,75,731),(75,744,75,746),(75,752,75,755),(75,761,75,777),(75,782,75,788),(75,794,75,798),(76,7,76,16),(76,24,76,35),(76,51,76,60),(76,84,76,85),(76,215,76,289),(76,314,76,332),(76,349,76,370),(76,388,76,406),(76,424,76,442),(76,461,76,483),(76,495,76,521),(76,530,76,546),(76,557,76,577),(76,591,76,611),(76,654,76,657),(76,675,76,675),(76,691,76,694),(76,715,76,721),(76,726,76,740),(76,744,76,748),(76,752,76,779),(76,782,76,788),(76,794,76,798),(77,24,77,34),(77,51,77,58),(77,84,77,86),(77,217,77,286),(77,316,77,368),(77,389,77,441),(77,463,77,521),(77,530,77,546),(77,559,77,611),(77,653,77,656),(77,663,77,663),(77,692,77,695),(77,716,77,727),(77,730,77,735),(77,737,77,788),(77,794,77,799),(78,51,78,55),(78,80,78,86),(78,219,78,284),(78,318,78,367),(78,391,78,440),(78,465,78,521),(78,530,78,546),(78,560,78,609),(78,652,78,655),(78,662,78,666),(78,692,78,696),(78,716,78,716),(78,719,78,724),(78,732,78,735),(78,746,78,749),(78,754,78,767),(78,775,78,788),(78,794,78,799),(79,77,79,86),(79,223,79,281),(79,319,79,364),(79,394,79,436),(79,467,79,521),(79,530,79,546),(79,564,79,607),(79,651,79,654),(79,661,79,665),(79,675,79,676),(79,693,79,697),(79,720,79,726),(79,734,79,736),(79,747,79,749),(79,755,79,762),(79,765,79,767),(79,776,79,788),(79,794,79,799),(80,75,80,80),(80,83,80,86),(80,226,80,278),(80,322,80,362),(80,396,80,433),(80,470,80,521),(80,531,80,545),(80,566,80,605),(80,650,80,653),(80,675,80,676),(80,694,80,697),(80,721,80,727),(80,734,80,737),(80,748,80,750),(80,756,80,762),(80,766,80,768),(80,777,80,784),(80,787,80,788),(80,794,80,799),(81,75,81,81),(81,232,81,273),(81,325,81,357),(81,398,81,430),(81,472,81,521),(81,531,81,545),(81,567,81,601),(81,650,81,652),(81,675,81,675),(81,695,81,698),(81,720,81,730),(81,734,81,738),(81,748,81,750),(81,756,81,762),(81,767,81,769),(81,777,81,783),(81,794,82,6),(82,66,82,81),(82,239,82,265),(82,329,82,354),(82,404,82,424),(82,477,82,499),(82,505,82,521),(82,532,82,544),(82,575,82,595),(82,597,82,597),(82,649,82,651),(82,695,82,699),(82,720,82,741),(82,749,82,751),(82,756,82,761),(82,767,82,770),(82,773,82,783),(82,794,82,799),(83,2,83,20),(83,56,83,63),(83,67,83,69),(83,72,83,72),(83,75,83,77),(83,79,83,91),(83,248,83,249),(83,252,83,261),(83,334,83,334),(83,339,83,348),(83,407,83,418),(83,479,83,496),(83,505,83,521),(83,583,83,585),(83,591,83,591),(83,648,83,650),(83,696,83,699),(83,726,83,733),(83,735,83,745),(83,749,83,752),(83,757,83,762),(83,767,83,786),(83,794,83,799),(84,7,84,22),(84,47,84,61),(84,64,84,67),(84,72,84,77),(84,80,84,95),(84,505,84,520),(84,647,84,650),(84,697,84,700),(84,727,84,732),(84,739,84,753),(84,756,84,787),(84,794,84,799),(85,13,85,22),(85,41,85,73),(85,79,85,85),(85,88,85,100),(85,506,85,520),(85,647,85,649),(85,675,85,676),(85,698,85,701),(85,729,85,733),(85,741,85,786),(85,794,85,799),(86,6,86,17),(86,37,86,68),(86,70,86,72),(86,90,86,103),(86,471,86,472),(86,505,86,519),(86,646,86,648),(86,675,86,675),(86,698,86,702),(86,730,86,734),(86,742,86,745),(86,751,86,755),(86,760,86,786),(86,795,87,7),(87,34,87,37),(87,39,87,54),(87,62,87,67),(87,71,87,72),(87,96,87,107),(87,464,87,473),(87,503,87,519),(87,645,87,648),(87,699,87,703),(87,730,87,746),(87,752,87,756),(87,762,87,781),(87,785,87,786),(87,788,87,788),(87,795,87,799),(88,31,88,33),(88,62,88,65),(88,70,88,71),(88,101,88,111),(88,460,88,475),(88,501,88,518),(88,644,88,647),(88,700,88,703),(88,727,88,759),(88,762,88,789),(88,795,88,799),(89,27,89,30),(89,61,89,63),(89,70,89,72),(89,105,89,113),(89,460,89,476),(89,499,89,517),(89,644,89,646),(89,659,89,660),(89,670,89,672),(89,674,89,675),(89,685,89,687),(89,700,89,704),(89,734,89,738),(89,746,89,749),(89,753,89,771),(89,778,89,788),(89,794,89,799),(90,22,90,28),(90,58,90,62),(90,71,90,71),(90,108,90,116),(90,459,90,481),(90,497,90,516),(90,643,90,645),(90,675,90,675),(90,701,90,705),(90,735,90,740),(90,747,90,749),(90,756,90,761),(90,767,90,773),(90,776,90,785),(90,788,90,788),(90,794,90,799),(91,20,91,23),(91,57,91,60),(91,71,91,72),(91,112,91,117),(91,461,91,515),(91,642,91,645),(91,701,91,706),(91,736,91,741),(91,748,91,750),(91,757,91,778),(91,781,91,785),(91,794,91,799),(92,19,92,22),(92,56,92,59),(92,71,92,72),(92,114,92,119),(92,462,92,515),(92,642,92,644),(92,699,92,707),(92,738,92,743),(92,746,92,775),(92,782,92,788),(92,794,92,799),(93,18,93,21),(93,55,93,58),(93,71,93,79),(93,82,93,82),(93,116,93,121),(93,464,93,513),(93,641,93,643),(93,702,93,708),(93,737,93,768),(93,771,93,776),(93,782,93,789),(93,794,93,799),(94,15,94,20),(94,35,94,36),(94,54,94,57),(94,69,94,90),(94,117,94,122),(94,214,94,220),(94,223,94,230),(94,465,94,511),(94,640,94,643),(94,675,94,676),(94,704,94,709),(94,733,94,745),(94,749,94,754),(94,763,94,769),(94,772,94,787),(94,794,94,799),(95,13,95,21),(95,32,95,36),(95,52,95,56),(95,68,95,72),(95,84,95,95),(95,120,95,124),(95,212,95,215),(95,218,95,224),(95,227,95,231),(95,288,95,290),(95,406,95,406),(95,409,95,423),(95,467,95,510),(95,640,95,643),(95,674,95,679),(95,684,95,687),(95,694,95,697),(95,702,95,709),(95,742,95,745),(95,751,95,755),(95,763,95,787),(95,795,95,799),(96,12,96,35),(96,46,96,55),(96,67,96,68),(96,70,96,72),(96,91,96,99),(96,122,96,125),(96,212,96,214),(96,219,96,224),(96,228,96,232),(96,284,96,297),(96,307,96,310),(96,317,96,319),(96,329,96,332),(96,351,96,361),(96,404,96,406),(96,408,96,413),(96,472,96,507),(96,640,96,644),(96,673,96,677),(96,704,96,709),(96,743,96,746),(96,751,96,770),(96,773,96,778),(96,784,96,788),(96,794,96,799),(97,11,97,29),(97,47,97,54),(97,66,97,67),(97,70,97,72),(97,95,97,104),(97,123,97,128),(97,211,97,215),(97,220,97,223),(97,228,97,233),(97,284,97,287),(97,306,97,308),(97,313,97,322),(97,329,97,333),(97,350,97,353),(97,404,97,420),(97,473,97,504),(97,640,97,643),(97,691,97,693),(97,704,97,708),(97,742,97,762),(97,764,97,769),(97,776,97,779),(97,782,97,788),(97,794,97,799),(98,9,98,27),(98,48,98,53),(98,64,98,66),(98,70,98,72),(98,99,98,106),(98,125,98,129),(98,208,98,216),(98,221,98,224),(98,230,98,233),(98,284,98,288),(98,305,98,308),(98,312,98,312),(98,318,98,322),(98,330,98,333),(98,341,98,341),(98,350,98,353),(98,404,98,408),(98,410,98,411),(98,418,98,423),(98,479,98,497),(98,641,98,645),(98,690,98,692),(98,702,98,707),(98,738,98,747),(98,754,98,759),(98,765,98,788),(98,794,98,799),(99,7,99,24),(99,49,99,53),(99,64,99,65),(99,70,99,73),(99,104,99,108),(99,126,99,131),(99,206,99,216),(99,222,99,225),(99,230,99,234),(99,285,99,295),(99,305,99,307),(99,318,99,321),(99,330,99,334),(99,339,99,342),(99,351,99,364),(99,378,99,380),(99,388,99,395),(99,404,99,408),(99,420,99,423),(99,643,99,647),(99,701,99,704),(99,737,99,738),(99,744,99,747),(99,756,99,772),(99,777,99,780),(99,786,99,788),(99,794,99,799),(100,6,100,15),(100,18,100,21),(100,49,100,52),(100,63,100,64),(100,71,100,73),(100,106,100,111),(100,128,100,132),(100,205,100,209),(100,211,100,216),(100,222,100,226),(100,231,100,234),(100,293,100,297),(100,305,100,306),(100,316,100,320),(100,330,100,334),(100,338,100,345),(100,362,100,366),(100,372,100,379),(100,389,100,395),(100,405,100,408),(100,422,100,423),(100,644,100,650),(100,698,100,702),(100,745,100,748),(100,754,100,762),(100,768,100,771),(100,779,100,780),(100,794,100,799),(101,5,101,9),(101,49,101,51),(101,62,101,63),(101,70,101,73),(101,107,101,112),(101,129,101,133),(101,205,101,209),(101,213,101,217),(101,223,101,226),(101,232,101,235),(101,238,101,241),(101,293,101,298),(101,305,101,307),(101,314,101,320),(101,330,101,334),(101,337,101,343),(101,362,101,367),(101,373,101,379),(101,388,101,396),(101,406,101,408),(101,411,101,413),(101,421,101,423),(101,646,101,656),(101,692,101,700),(101,745,101,759),(101,794,101,799),(102,4,102,8),(102,48,102,51),(102,62,102,63),(102,70,102,77),(102,108,102,113),(102,130,102,134),(102,205,102,209),(102,214,102,218),(102,223,102,227),(102,232,102,242),(102,285,102,286),(102,293,102,298),(102,305,102,307),(102,312,102,325),(102,329,102,333),(102,340,102,342),(102,354,102,354),(102,362,102,366),(102,372,102,375),(102,377,102,382),(102,389,102,392),(102,394,102,395),(102,406,102,408),(102,410,102,422),(102,443,102,447),(102,649,102,664),(102,667,102,680),(102,682,102,683),(102,685,102,695),(102,697,102,697),(102,744,102,751),(102,755,102,760),(102,794,102,799),(103,4,103,7),(103,48,103,50),(103,61,103,62),(103,69,103,79),(103,110,103,114),(103,131,103,135),(103,206,103,209),(103,214,103,218),(103,224,103,227),(103,233,103,243),(103,284,103,295),(103,305,103,308),(103,312,103,323),(103,329,103,332),(103,353,103,364),(103,372,103,374),(103,379,103,380),(103,406,103,407),(103,414,103,419),(103,441,103,448),(103,657,103,691),(103,744,103,750),(103,756,103,760),(103,794,103,799),(104,3,104,6),(104,48,104,50),(104,60,104,61),(104,68,104,73),(104,76,104,86),(104,112,104,116),(104,132,104,136),(104,207,104,209),(104,215,104,218),(104,224,104,228),(104,233,104,236),(104,240,104,243),(104,287,104,292),(104,307,104,308),(104,329,104,329),(104,353,104,354),(104,439,104,448),(104,748,104,750),(104,794,104,799),(105,2,105,5),(105,47,105,49),(105,59,105,61),(105,67,105,68),(105,70,105,72),(105,82,105,89),(105,114,105,118),(105,133,105,137),(105,207,105,210),(105,216,105,218),(105,225,105,228),(105,234,105,237),(105,241,105,244),(105,347,105,355),(105,435,105,447),(105,794,105,799),(106,1,106,4),(106,46,106,50),(106,58,106,60),(106,66,106,67),(106,70,106,72),(106,85,106,91),(106,115,106,119),(106,133,106,137),(106,208,106,211),(106,216,106,219),(106,226,106,229),(106,234,106,237),(106,242,106,245),(106,346,106,355),(106,436,106,445),(106,794,107,4),(107,36,107,38),(107,46,107,49),(107,57,107,60),(107,65,107,66),(107,70,107,72),(107,89,107,95),(107,117,107,120),(107,133,107,138),(107,208,107,211),(107,216,107,219),(107,226,107,230),(107,235,107,238),(107,243,107,247),(107,341,107,355),(107,429,107,431),(107,437,107,440),(107,795,108,3),(108,37,108,39),(108,46,108,49),(108,57,108,59),(108,64,108,65),(108,70,108,73),(108,92,108,96),(108,118,108,121),(108,134,108,139),(108,208,108,212),(108,217,108,220),(108,226,108,230),(108,235,108,238),(108,243,108,247),(108,341,108,354),(108,796,109,2),(109,38,109,40),(109,46,109,48),(109,57,109,59),(109,63,109,65),(109,71,109,72),(109,93,109,98),(109,119,109,122),(109,135,109,139),(109,208,109,213),(109,218,109,220),(109,227,109,230),(109,235,109,238),(109,244,109,248),(109,337,109,338),(109,342,109,351),(110,0,110,3),(110,39,110,43),(110,46,110,48),(110,57,110,58),(110,63,110,64),(110,71,110,77),(110,95,110,99),(110,120,110,123),(110,136,110,140),(110,209,110,213),(110,217,110,221),(110,227,110,230),(110,236,110,238),(110,244,110,248),(110,262,110,267),(110,316,110,316),(110,323,110,328),(110,335,110,337),(110,343,110,345),(110,360,110,370),(110,406,110,408),(110,412,110,427),(110,644,110,668),(111,0,111,2),(111,40,111,48),(111,57,111,57),(111,63,111,64),(111,70,111,81),(111,96,111,99),(111,120,111,123),(111,137,111,141),(111,209,111,212),(111,217,111,221),(111,227,111,229),(111,235,111,238),(111,245,111,251),(111,255,111,267),(111,313,111,317),(111,322,111,324),(111,326,111,331),(111,335,111,335),(111,359,111,362),(111,406,111,409),(111,412,111,426),(111,637,111,638),(111,640,111,674),(112,0,112,2),(112,41,112,48),(112,57,112,58),(112,62,112,64),(112,69,112,73),(112,79,112,83),(112,96,112,100),(112,121,112,123),(112,137,112,141),(112,210,112,213),(112,218,112,221),(112,227,112,230),(112,235,112,238),(112,245,112,266),(112,312,112,317),(112,321,112,323),(112,328,112,332),(112,358,112,369),(112,406,112,409),(112,411,112,424),(112,634,112,642),(112,667,112,677),(113,0,113,1),(113,42,113,48),(113,56,113,57),(113,62,113,63),(113,69,113,73),(113,82,113,85),(113,97,113,101),(113,121,113,123),(113,138,113,141),(113,210,113,213),(113,218,113,221),(113,227,113,231),(113,236,113,238),(113,246,113,254),(113,258,113,262),(113,313,113,317),(113,319,113,321),(113,330,113,334),(113,347,113,350),(113,359,113,371),(113,390,113,398),(113,405,113,409),(113,412,113,426),(113,628,113,635),(113,671,113,681),(114,0,114,2),(114,43,114,47),(114,56,114,58),(114,62,114,63),(114,68,114,72),(114,83,114,86),(114,98,114,102),(114,122,114,123),(114,139,114,142),(114,210,114,213),(114,219,114,221),(114,228,114,231),(114,236,114,239),(114,248,114,255),(114,257,114,260),(114,314,114,321),(114,331,114,334),(114,346,114,353),(114,369,114,372),(114,376,114,378),(114,381,114,384),(114,390,114,398),(114,406,114,409),(114,424,114,427),(114,625,114,630),(114,640,114,664),(114,677,114,684),(115,0,115,2),(115,44,115,48),(115,56,115,58),(115,62,115,63),(115,67,115,68),(115,71,115,73),(115,85,115,87),(115,99,115,102),(115,123,115,124),(115,139,115,142),(115,210,115,214),(115,219,115,222),(115,227,115,230),(115,236,115,239),(115,247,115,258),(115,314,115,316),(115,318,115,321),(115,331,115,334),(115,344,115,354),(115,370,115,373),(115,377,115,384),(115,389,115,398),(115,406,115,409),(115,424,115,427),(115,622,115,626),(115,634,115,642),(115,656,115,662),(115,664,115,670),(115,681,115,686),(116,0,116,2),(116,44,116,48),(116,55,116,58),(116,62,116,63),(116,66,116,68),(116,71,116,72),(116,86,116,88),(116,100,116,103),(116,122,116,125),(116,139,116,142),(116,210,116,214),(116,220,116,221),(116,227,116,231),(116,236,116,239),(116,248,116,254),(116,314,116,317),(116,319,116,322),(116,330,116,334),(116,346,116,351),(116,370,116,372),(116,378,116,385),(116,390,116,396),(116,405,116,409),(116,412,116,415),(116,424,116,428),(116,498,116,498),(116,620,116,624),(116,631,116,635),(116,655,116,658),(116,666,116,673),(116,683,116,690),(117,0,117,2),(117,44,117,48),(117,55,117,58),(117,62,117,63),(117,66,117,68),(117,71,117,72),(117,87,117,88),(117,100,117,102),(117,122,117,125),(117,140,117,142),(117,207,117,214),(117,219,117,221),(117,228,117,232),(117,236,117,239),(117,249,117,253),(117,314,117,317),(117,320,117,332),(117,348,117,348),(117,359,117,372),(117,377,117,386),(117,405,117,409),(117,412,117,418),(117,422,117,427),(117,494,117,499),(117,618,117,622),(117,630,117,634),(117,652,117,655),(117,665,117,676),(117,684,117,692),(118,0,118,2),(118,44,118,48),(118,55,118,57),(118,62,118,63),(118,65,118,68),(118,70,118,72),(118,88,118,88),(118,100,118,103),(118,123,118,124),(118,139,118,143),(118,201,118,208),(118,211,118,214),(118,219,118,221),(118,228,118,231),(118,237,118,239),(118,248,118,252),(118,314,118,315),(118,322,118,330),(118,359,118,370),(118,377,118,378),(118,384,118,386),(118,406,118,408),(118,413,118,425),(118,491,118,495),(118,499,118,500),(118,615,118,619),(118,629,118,634),(118,663,118,665),(118,671,118,680),(118,686,118,694),(119,0,119,2),(119,44,119,48),(119,55,119,57),(119,62,119,62),(119,65,119,68),(119,70,119,72),(119,83,119,153),(119,194,119,201),(119,211,119,215),(119,220,119,222),(119,229,119,232),(119,238,119,239),(119,249,119,252),(119,417,119,418),(119,489,119,495),(119,498,119,501),(119,613,119,617),(119,625,119,635),(119,648,119,649),(119,661,119,663),(119,672,119,681),(119,687,119,695),(120,0,120,2),(120,44,120,48),(120,55,120,57),(120,62,120,63),(120,66,120,67),(120,70,120,72),(120,82,120,82),(120,84,120,84),(120,87,120,90),(120,95,120,95),(120,98,120,102),(120,105,120,107),(120,109,120,117),(120,120,120,121),(120,123,120,144),(120,147,120,150),(120,152,120,153),(120,178,120,187),(120,191,120,198),(120,211,120,215),(120,221,120,222),(120,229,120,233),(120,238,120,239),(120,250,120,253),(120,488,120,495),(120,498,120,507),(120,612,120,615),(120,624,120,626),(120,629,120,636),(120,649,120,651),(120,655,120,657),(120,660,120,664),(120,674,120,675),(120,678,120,683),(120,689,120,697),(121,0,121,2),(121,44,121,48),(121,55,121,58),(121,61,121,63),(121,67,121,68),(121,70,121,72),(121,88,121,88),(121,101,121,102),(121,123,121,124),(121,139,121,142),(121,169,121,194),(121,211,121,215),(121,220,121,222),(121,230,121,233),(121,238,121,240),(121,249,121,253),(121,488,121,495),(121,498,121,508),(121,611,121,614),(121,624,121,626),(121,634,121,639),(121,650,121,652),(121,655,121,663),(121,673,121,676),(121,679,121,683),(121,692,121,697),(121,797,122,2),(122,45,122,47),(122,55,122,58),(122,61,122,63),(122,66,122,68),(122,70,122,73),(122,87,122,88),(122,100,122,102),(122,123,122,124),(122,139,122,143),(122,168,122,194),(122,212,122,215),(122,221,122,223),(122,231,122,232),(122,250,122,253),(122,487,122,489),(122,491,122,495),(122,498,122,504),(122,506,122,508),(122,610,122,612),(122,617,122,622),(122,624,122,627),(122,636,122,640),(122,650,122,652),(122,670,122,685),(122,693,122,698),(122,794,122,797),(123,0,123,4),(123,44,123,48),(123,55,123,58),(123,62,123,64),(123,67,123,73),(123,87,123,88),(123,100,123,101),(123,123,123,125),(123,139,123,142),(123,168,123,194),(123,211,123,215),(123,221,123,223),(123,231,123,232),(123,250,123,253),(123,486,123,489),(123,491,123,494),(123,498,123,503),(123,506,123,508),(123,609,123,611),(123,615,123,618),(123,626,123,628),(123,638,123,642),(123,650,123,652),(123,667,123,671),(123,682,123,687),(123,694,123,700),(123,789,123,794),(124,0,124,6),(124,44,124,47),(124,55,124,58),(124,63,124,64),(124,68,124,73),(124,86,124,87),(124,99,124,100),(124,123,124,124),(124,139,124,143),(124,168,124,194),(124,211,124,214),(124,221,124,223),(124,251,124,254),(124,357,124,367),(124,406,124,418),(124,486,124,489),(124,491,124,494),(124,498,124,502),(124,507,124,508),(124,607,124,609),(124,614,124,617),(124,627,124,629),(124,637,124,641),(124,665,124,667),(124,683,124,690),(124,695,124,701),(124,787,124,788),(125,0,125,8),(125,45,125,47),(125,55,125,58),(125,63,125,65),(125,68,125,73),(125,84,125,86),(125,98,125,100),(125,123,125,124),(125,139,125,142),(125,166,125,195),(125,204,125,214),(125,250,125,255),(125,355,125,366),(125,406,125,411),(125,486,125,489),(125,491,125,494),(125,498,125,502),(125,506,125,508),(125,606,125,608),(125,613,125,617),(125,628,125,630),(125,637,125,641),(125,681,125,683),(125,686,125,691),(125,697,125,702),(125,785,125,786),(125,799,126,9),(126,44,126,47),(126,56,126,58),(126,63,126,65),(126,69,126,73),(126,82,126,83),(126,97,126,99),(126,122,126,124),(126,139,126,143),(126,164,126,196),(126,199,126,209),(126,211,126,214),(126,251,126,255),(126,354,126,366),(126,406,126,416),(126,487,126,488),(126,491,126,494),(126,498,126,501),(126,506,126,507),(126,604,126,607),(126,613,126,616),(126,629,126,631),(126,640,126,642),(126,653,126,657),(126,660,126,660),(126,680,126,681),(126,687,126,692),(126,698,126,703),(126,781,126,784),(126,799,127,11),(127,43,127,47),(127,56,127,59),(127,63,127,65),(127,70,127,73),(127,78,127,81),(127,96,127,98),(127,121,127,124),(127,138,127,142),(127,164,127,204),(127,211,127,215),(127,251,127,255),(127,355,127,369),(127,406,127,406),(127,411,127,419),(127,487,127,488),(127,491,127,494),(127,498,127,500),(127,506,127,508),(127,603,127,606),(127,612,127,617),(127,632,127,633),(127,641,127,647),(127,654,127,657),(127,679,127,680),(127,688,127,693),(127,699,127,704),(127,780,127,783),(127,794,127,799),(128,1,128,12),(128,43,128,47),(128,56,128,59),(128,64,128,65),(128,71,128,78),(128,89,128,153),(128,164,128,190),(128,193,128,200),(128,211,128,215),(128,252,128,256),(128,367,128,370),(128,376,128,376),(128,379,128,383),(128,416,128,420),(128,487,128,489),(128,492,128,494),(128,498,128,501),(128,506,128,507),(128,602,128,605),(128,610,128,613),(128,615,128,617),(128,627,128,628),(128,633,128,634),(128,645,128,648),(128,657,128,658),(128,678,128,679),(128,688,128,693),(128,700,128,706),(128,778,129,13),(129,43,129,48),(129,56,129,60),(129,64,129,66),(129,71,129,73),(129,90,129,95),(129,98,129,98),(129,101,129,134),(129,137,129,152),(129,164,129,189),(129,211,129,215),(129,251,129,256),(129,368,129,371),(129,374,129,381),(129,417,129,421),(129,487,129,489),(129,492,129,494),(129,498,129,501),(129,507,129,507),(129,601,129,605),(129,609,129,612),(129,625,129,627),(129,634,129,634),(129,645,129,649),(129,657,129,658),(129,665,129,667),(129,670,129,677),(129,683,129,683),(129,688,129,693),(129,697,129,698),(129,701,129,707),(129,777,129,786),(129,789,129,794),(129,799,129,799),(130,1,130,13),(130,40,130,48),(130,56,130,60),(130,65,130,66),(130,70,130,72),(130,90,130,94),(130,120,130,122),(130,138,130,141),(130,170,130,185),(130,210,130,215),(130,252,130,256),(130,367,130,370),(130,374,130,380),(130,406,130,407),(130,415,130,421),(130,487,130,489),(130,491,130,494),(130,498,130,501),(130,506,130,507),(130,601,130,604),(130,608,130,611),(130,645,130,648),(130,657,130,659),(130,666,130,667),(130,669,130,677),(130,680,130,684),(130,688,130,692),(130,697,130,698),(130,702,130,707),(130,775,130,778),(130,790,130,794),(130,797,130,799),(131,2,131,14),(131,40,131,48),(131,57,131,61),(131,65,131,67),(131,71,131,73),(131,88,131,91),(131,119,131,122),(131,137,131,141),(131,172,131,182),(131,210,131,215),(131,252,131,256),(131,367,131,368),(131,374,131,381),(131,391,131,398),(131,406,131,419),(131,486,131,494),(131,498,131,500),(131,506,131,508),(131,600,131,602),(131,608,131,610),(131,621,131,622),(131,645,131,648),(131,657,131,659),(131,665,131,671),(131,675,131,681),(131,688,131,692),(131,697,131,698),(131,702,131,708),(131,773,131,777),(131,792,131,799),(132,2,132,14),(132,41,132,49),(132,57,132,60),(132,66,132,68),(132,71,132,72),(132,84,132,90),(132,119,132,122),(132,137,132,140),(132,175,132,176),(132,210,132,215),(132,252,132,256),(132,356,132,367),(132,372,132,375),(132,378,132,382),(132,392,132,397),(132,407,132,416),(132,486,132,489),(132,492,132,493),(132,498,132,500),(132,505,132,508),(132,599,132,601),(132,607,132,609),(132,616,132,619),(132,624,132,636),(132,646,132,651),(132,658,132,672),(132,677,132,679),(132,686,132,692),(132,697,132,698),(132,703,132,708),(132,771,132,776),(133,3,133,14),(133,42,133,49),(133,57,133,61),(133,67,133,87),(133,118,133,121),(133,136,133,140),(133,210,133,215),(133,252,133,255),(133,360,133,362),(133,373,133,373),(133,380,133,380),(133,392,133,398),(133,410,133,413),(133,465,133,471),(133,486,133,489),(133,505,133,508),(133,599,133,601),(133,608,133,610),(133,613,133,617),(133,629,133,662),(133,671,133,680),(133,684,133,690),(133,696,133,698),(133,703,133,708),(133,770,133,774),(134,3,134,15),(134,43,134,49),(134,57,134,62),(134,68,134,82),(134,117,134,120),(134,134,134,139),(134,210,134,215),(134,252,134,255),(134,356,134,383),(134,391,134,397),(134,406,134,421),(134,448,134,494),(134,497,134,501),(134,505,134,508),(134,599,134,602),(134,608,134,615),(134,653,134,657),(134,674,134,684),(134,696,134,699),(134,704,134,708),(134,769,134,772),(135,4,135,16),(135,44,135,50),(135,58,135,62),(135,69,135,73),(135,116,135,119),(135,133,135,138),(135,210,135,215),(135,252,135,255),(135,356,135,377),(135,408,135,419),(135,448,135,457),(135,461,135,462),(135,483,135,526),(135,599,135,602),(135,609,135,613),(135,675,135,678),(135,695,135,698),(135,703,135,709),(135,768,135,770),(135,799,135,799),(136,5,136,18),(136,44,136,50),(136,59,136,63),(136,70,136,72),(136,115,136,117),(136,132,136,137),(136,211,136,216),(136,252,136,255),(136,369,136,376),(136,406,136,421),(136,450,136,462),(136,484,136,490),(136,512,136,528),(136,598,136,602),(136,608,136,611),(136,626,136,627),(136,675,136,678),(136,694,136,697),(136,703,136,709),(136,767,136,769),(136,798,136,799),(137,6,137,20),(137,44,137,50),(137,60,137,63),(137,70,137,72),(137,113,137,116),(137,131,137,136),(137,212,137,215),(137,252,137,255),(137,363,137,374),(137,404,137,408),(137,458,137,464),(137,483,137,486),(137,490,137,491),(137,512,137,530),(137,567,137,569),(137,598,137,602),(137,607,137,610),(137,627,137,633),(137,640,137,644),(137,656,137,667),(137,669,137,671),(137,674,137,678),(137,695,137,698),(137,703,137,709),(137,766,137,768),(137,797,137,799),(138,7,138,21),(138,44,138,51),(138,61,138,64),(138,70,138,73),(138,112,138,115),(138,129,138,135),(138,211,138,216),(138,251,138,254),(138,362,138,369),(138,403,138,408),(138,463,138,472),(138,482,138,485),(138,490,138,492),(138,513,138,530),(138,569,138,571),(138,598,138,602),(138,608,138,609),(138,628,138,635),(138,644,138,647),(138,649,138,651),(138,654,138,656),(138,672,138,676),(138,695,138,699),(138,704,138,709),(138,765,138,767),(138,796,138,799),(139,8,139,22),(139,44,139,51),(139,61,139,65),(139,70,139,73),(139,109,139,116),(139,126,139,134),(139,199,139,200),(139,203,139,203),(139,209,139,210),(139,213,139,217),(139,219,139,233),(139,251,139,254),(139,362,139,375),(139,404,139,418),(139,467,139,468),(139,470,139,486),(139,490,139,493),(139,512,139,529),(139,571,139,572),(139,598,139,602),(139,608,139,610),(139,671,139,676),(139,689,139,689),(139,692,139,692),(139,695,139,700),(139,703,139,709),(139,764,139,766),(139,795,139,799),(140,10,140,25),(140,44,140,51),(140,62,140,65),(140,70,140,72),(140,100,140,101),(140,108,140,117),(140,125,140,135),(140,198,140,202),(140,213,140,217),(140,229,140,234),(140,251,140,253),(140,363,140,376),(140,405,140,420),(140,476,140,487),(140,491,140,497),(140,511,140,529),(140,562,140,562),(140,572,140,573),(140,599,140,603),(140,608,140,610),(140,671,140,675),(140,683,140,709),(140,763,140,766),(140,795,140,798),(141,12,141,27),(141,44,141,52),(141,63,141,66),(141,71,141,72),(141,89,141,153),(141,187,141,187),(141,198,141,204),(141,206,141,233),(141,250,141,252),(141,374,141,377),(141,415,141,420),(141,483,141,487),(141,492,141,528),(141,561,141,562),(141,573,141,573),(141,600,141,603),(141,609,141,611),(141,643,141,646),(141,654,141,660),(141,669,141,675),(141,680,141,683),(141,698,141,710),(141,762,141,765),(141,794,141,798),(142,14,142,28),(142,43,142,53),(142,64,142,67),(142,70,142,72),(142,97,142,98),(142,101,142,107),(142,124,142,130),(142,150,142,150),(142,186,142,187),(142,195,142,204),(142,208,142,210),(142,213,142,217),(142,221,142,233),(142,250,142,252),(142,364,142,366),(142,374,142,376),(142,406,142,410),(142,414,142,420),(142,483,142,487),(142,505,142,508),(142,523,142,527),(142,542,142,544),(142,546,142,546),(142,561,142,561),(142,573,142,574),(142,600,142,604),(142,613,142,623),(142,629,142,634),(142,640,142,643),(142,645,142,654),(142,666,142,674),(142,678,142,681),(142,704,142,710),(142,761,142,799),(143,15,143,30),(143,41,143,53),(143,65,143,68),(143,70,143,73),(143,95,143,104),(143,122,143,129),(143,148,143,153),(143,197,143,200),(143,207,143,210),(143,213,143,217),(143,219,143,225),(143,227,143,230),(143,250,143,252),(143,363,143,375),(143,408,143,417),(143,484,143,488),(143,506,143,507),(143,539,143,539),(143,550,143,551),(143,573,143,575),(143,600,143,605),(143,612,143,614),(143,628,143,632),(143,635,143,636),(143,664,143,670),(143,676,143,678),(143,706,143,712),(143,760,143,764),(143,771,143,775),(143,784,143,799),(144,16,144,33),(144,40,144,54),(144,66,144,73),(144,92,144,102),(144,120,144,129),(144,131,144,132),(144,149,144,150),(144,157,144,158),(144,183,144,185),(144,200,144,200),(144,205,144,210),(144,214,144,217),(144,220,144,232),(144,249,144,251),(144,367,144,372),(144,485,144,488),(144,505,144,508),(144,538,144,539),(144,551,144,555),(144,559,144,560),(144,574,144,575),(144,579,144,592),(144,601,144,606),(144,611,144,613),(144,629,144,632),(144,648,144,651),(144,662,144,667),(144,674,144,677),(144,708,144,714),(144,760,144,762),(144,792,144,795),(144,798,144,799),(145,18,145,34),(145,38,145,55),(145,67,145,73),(145,86,145,103),(145,112,145,128),(145,130,145,131),(145,154,145,156),(145,201,145,202),(145,206,145,208),(145,215,145,217),(145,221,145,226),(145,230,145,231),(145,248,145,251),(145,486,145,488),(145,505,145,508),(145,538,145,539),(145,555,145,560),(145,573,145,581),(145,589,145,593),(145,602,145,607),(145,610,145,612),(145,629,145,632),(145,643,145,647),(145,649,145,665),(145,672,145,676),(145,709,145,715),(145,759,145,761),(145,791,145,799),(146,19,146,56),(146,68,146,73),(146,76,146,91),(146,99,146,103),(146,111,146,124),(146,126,146,130),(146,152,146,155),(146,158,146,183),(146,187,146,187),(146,201,146,202),(146,206,146,208),(146,214,146,217),(146,221,146,225),(146,228,146,230),(146,248,146,250),(146,487,146,489),(146,504,146,507),(146,539,146,541),(146,558,146,560),(146,569,146,576),(146,591,146,593),(146,602,146,607),(146,610,146,613),(146,628,146,634),(146,637,146,641),(146,650,146,658),(146,672,146,676),(146,711,146,718),(146,758,146,761),(146,790,146,799),(147,21,147,57),(147,70,147,84),(147,109,147,122),(147,127,147,129),(147,151,147,154),(147,157,147,160),(147,171,147,172),(147,175,147,176),(147,179,147,183),(147,203,147,203),(147,206,147,208),(147,212,147,216),(147,222,147,224),(147,227,147,230),(147,247,147,249),(147,382,147,384),(147,408,147,411),(147,488,147,490),(147,504,147,508),(147,539,147,543),(147,558,147,559),(147,562,147,564),(147,566,147,567),(147,575,147,575),(147,591,147,593),(147,603,147,608),(147,611,147,613),(147,625,147,631),(147,639,147,640),(147,648,147,649),(147,652,147,658),(147,672,147,676),(147,713,147,720),(147,757,147,760),(147,790,147,798),(148,24,148,58),(148,70,148,79),(148,103,148,124),(148,126,148,129),(148,150,148,163),(148,165,148,166),(148,169,148,169),(148,171,148,172),(148,175,148,182),(148,204,148,204),(148,206,148,208),(148,211,148,217),(148,221,148,223),(148,226,148,230),(148,245,148,250),(148,376,148,376),(148,380,148,385),(148,407,148,412),(148,488,148,490),(148,505,148,508),(148,539,148,544),(148,558,148,559),(148,564,148,570),(148,575,148,576),(148,591,148,593),(148,604,148,609),(148,612,148,616),(148,623,148,628),(148,636,148,641),(148,647,148,648),(148,653,148,654),(148,656,148,659),(148,671,148,675),(148,715,148,720),(148,756,148,760),(148,790,148,797),(149,26,149,58),(149,70,149,73),(149,102,149,115),(149,153,149,158),(149,182,149,183),(149,204,149,204),(149,207,149,217),(149,221,149,223),(149,226,149,228),(149,245,149,250),(149,374,149,384),(149,391,149,399),(149,407,149,412),(149,489,149,489),(149,505,149,508),(149,539,149,544),(149,558,149,559),(149,564,149,571),(149,575,149,576),(149,590,149,593),(149,605,149,609),(149,615,149,625),(149,633,149,639),(149,646,149,650),(149,653,149,659),(149,669,149,674),(149,717,149,721),(149,755,149,759),(149,789,149,796),(150,29,150,60),(150,70,150,73),(150,88,150,153),(150,177,150,183),(150,204,150,218),(150,220,150,224),(150,226,150,227),(150,245,150,250),(150,374,150,383),(150,390,150,401),(150,407,150,412),(150,489,150,490),(150,505,150,508),(150,541,150,545),(150,557,150,560),(150,564,150,572),(150,576,150,576),(150,590,150,592),(150,606,150,611),(150,620,150,624),(150,631,150,634),(150,644,150,648),(150,654,150,659),(150,667,150,670),(150,718,150,723),(150,755,150,759),(150,789,150,796),(151,33,151,63),(151,70,151,73),(151,89,151,106),(151,155,151,155),(151,181,151,183),(151,204,151,207),(151,211,151,217),(151,220,151,227),(151,245,151,250),(151,376,151,383),(151,392,151,397),(151,407,151,412),(151,489,151,490),(151,505,151,508),(151,544,151,546),(151,557,151,558),(151,563,151,572),(151,576,151,576),(151,587,151,590),(151,608,151,612),(151,620,151,624),(151,632,151,634),(151,641,151,647),(151,653,151,653),(151,657,151,659),(151,666,151,668),(151,718,151,723),(151,754,151,758),(151,788,151,799),(152,35,152,65),(152,70,152,73),(152,83,152,106),(152,116,152,118),(152,120,152,122),(152,125,152,129),(152,154,152,156),(152,181,152,183),(152,205,152,206),(152,212,152,219),(152,221,152,229),(152,245,152,250),(152,375,152,385),(152,391,152,400),(152,407,152,412),(152,489,152,490),(152,505,152,508),(152,545,152,549),(152,552,152,555),(152,557,152,557),(152,562,152,572),(152,576,152,577),(152,585,152,588),(152,609,152,614),(152,620,152,624),(152,630,152,630),(152,645,152,648),(152,652,152,654),(152,657,152,659),(152,665,152,666),(152,719,152,723),(152,754,152,758),(152,788,152,792),(152,797,152,799),(153,41,153,56),(153,61,153,98),(153,103,153,105),(153,127,153,128),(153,154,153,156),(153,181,153,183),(153,204,153,204),(153,206,153,206),(153,210,153,218),(153,221,153,228),(153,245,153,250),(153,374,153,379),(153,381,153,385),(153,408,153,411),(153,489,153,490),(153,505,153,507),(153,547,153,553),(153,562,153,572),(153,576,153,584),(153,610,153,617),(153,620,153,624),(153,627,153,627),(153,630,153,630),(153,632,153,636),(153,642,153,646),(153,651,153,653),(153,657,153,659),(153,663,153,665),(153,718,153,722),(153,754,153,758),(153,787,153,792),(153,799,153,799),(154,46,154,60),(154,73,154,90),(154,103,154,105),(154,127,154,128),(154,154,154,156),(154,181,154,183),(154,210,154,228),(154,244,154,250),(154,408,154,409),(154,489,154,490),(154,506,154,508),(154,547,154,548),(154,551,154,554),(154,557,154,557),(154,568,154,572),(154,575,154,583),(154,613,154,619),(154,622,154,627),(154,629,154,631),(154,635,154,640),(154,650,154,652),(154,655,154,659),(154,663,154,664),(154,712,154,720),(154,753,154,756),(154,787,154,790),(154,799,154,799),(155,54,155,81),(155,103,155,105),(155,127,155,129),(155,154,155,156),(155,181,155,183),(155,204,155,204),(155,207,155,207),(155,210,155,216),(155,227,155,230),(155,244,155,250),(155,489,155,490),(155,505,155,508),(155,552,155,557),(155,575,155,579),(155,581,155,583),(155,616,155,619),(155,623,155,627),(155,632,155,632),(155,648,155,651),(155,654,155,658),(155,662,155,663),(155,711,155,714),(155,754,155,756),(155,787,155,790),(155,798,155,799),(156,104,156,105),(156,127,156,129),(156,154,156,156),(156,181,156,183),(156,210,156,216),(156,228,156,231),(156,244,156,250),(156,490,156,491),(156,506,156,508),(156,542,156,542),(156,556,156,558),(156,574,156,577),(156,583,156,588),(156,618,156,630),(156,638,156,649),(156,654,156,657),(156,661,156,663),(156,710,156,712),(156,753,156,757),(156,784,156,799),(157,103,157,105),(157,126,157,129),(157,154,157,156),(157,181,157,183),(157,207,157,215),(157,217,157,225),(157,227,157,231),(157,244,157,250),(157,490,157,491),(157,507,157,509),(157,541,157,542),(157,557,157,559),(157,571,157,576),(157,583,157,592),(157,619,157,624),(157,627,157,631),(157,636,157,649),(157,653,157,656),(157,661,157,663),(157,709,157,713),(157,752,157,799)]
